
Profiling started at Thu Mar 11 23:10:22 2021
Profiling stopped at Thu Mar 11 23:10:37 2021

-- OProfile/operf Statistics --
Nr. non-backtrace samples: 518610
Nr. kernel samples: 3600
Nr. user space samples: 515010
Nr. samples lost due to sample address not in expected range for domain: 0
Nr. lost kernel samples: 0
Nr. samples lost due to sample file open failure: 0
Nr. samples lost due to no permanent mapping: 134
Nr. user context kernel samples lost due to no app info available: 0
Nr. user samples lost due to no app info available: 0
Nr. backtraces skipped due to no file mapping: 0
Nr. hypervisor samples dropped due to address out-of-range: 0
Nr. samples lost reported by perf_events kernel: 0

Profiling started at Thu Mar 11 23:17:02 2021
Profiling stopped at Thu Mar 11 23:17:05 2021

-- OProfile/operf Statistics --
Nr. non-backtrace samples: 17484
Nr. kernel samples: 2390
Nr. user space samples: 15094
Nr. samples lost due to sample address not in expected range for domain: 0
Nr. lost kernel samples: 0
Nr. samples lost due to sample file open failure: 0
Nr. samples lost due to no permanent mapping: 95
Nr. user context kernel samples lost due to no app info available: 0
Nr. user samples lost due to no app info available: 0
Nr. backtraces skipped due to no file mapping: 0
Nr. hypervisor samples dropped due to address out-of-range: 0
Nr. samples lost reported by perf_events kernel: 0
